app/build/intermediates/manifest_merge_blame_file/debug/manifest-merger-blame-debug-report.txt
1<?xml version="1.0" encoding="utf-8"?>
2<manifest xmlns:android="http://schemas.android.com/apk/res/android"
3    package="com.example.projectandroid"
4    android:versionCode="1"
5    android:versionName="1.0" >
6
7    <uses-sdk
8        android:minSdkVersion="24"
8-->src/main/AndroidManifest.xml
9        android:targetSdkVersion="33" />
9-->src/main/AndroidManifest.xml
10
11    <uses-permission android:name="android.permission.INTERNET" />
11-->src/main/AndroidManifest.xml:5:5-67
11-->src/main/AndroidManifest.xml:5:22-64
12
13    <!-- Although the *SdkVersion is captured in gradle build files, this is required for non gradle builds -->
14    <!-- <uses-sdk android:minSdkVersion="14" /> -->
15    <uses-permission android:name="android.permission.ACCESS_NETWORK_STATE" />
15-->[com.google.firebase:firebase-firestore:24.7.0] AndroidManifest.xml:12:5-79
15-->[com.google.firebase:firebase-firestore:24.7.0] AndroidManifest.xml:12:22-76
16
17    <permission
17-->[androidx.core:core:1.9.0] AndroidManifest.xml:22:5-24:47
18        android:name="com.example.projectandroid.DYNAMIC_RECEIVER_NOT_EXPORTED_PERMISSION"
18-->[androidx.core:core:1.9.0] AndroidManifest.xml:23:9-81
19        android:protectionLevel="signature" />
19-->[androidx.core:core:1.9.0] AndroidManifest.xml:24:9-44
20
21    <uses-permission android:name="com.example.projectandroid.DYNAMIC_RECEIVER_NOT_EXPORTED_PERMISSION" />
21-->[androidx.core:core:1.9.0] AndroidManifest.xml:26:5-97
21-->[androidx.core:core:1.9.0] AndroidManifest.xml:26:22-94
22
23    <application
23-->src/main/AndroidManifest.xml:7:5-53:19
24        android:allowBackup="true"
24-->src/main/AndroidManifest.xml:8:9-35
25        android:appComponentFactory="androidx.core.app.CoreComponentFactory"
25-->[androidx.core:core:1.9.0] AndroidManifest.xml:28:18-86
26        android:dataExtractionRules="@xml/data_extraction_rules"
26-->src/main/AndroidManifest.xml:9:9-65
27        android:debuggable="true"
28        android:extractNativeLibs="false"
29        android:fullBackupContent="@xml/backup_rules"
29-->src/main/AndroidManifest.xml:10:9-54
30        android:icon="@mipmap/ic_launcher"
30-->src/main/AndroidManifest.xml:11:9-43
31        android:label="@string/app_name"
31-->src/main/AndroidManifest.xml:12:9-41
32        android:roundIcon="@mipmap/ic_launcher_round"
32-->src/main/AndroidManifest.xml:13:9-54
33        android:supportsRtl="true"
33-->src/main/AndroidManifest.xml:14:9-35
34        android:testOnly="true"
35        android:theme="@style/Theme.ProjectAndroid" >
35-->src/main/AndroidManifest.xml:15:9-52
36        <activity
36-->src/main/AndroidManifest.xml:17:9-19:40
37            android:name="com.example.projectandroid.GiaoHang"
37-->src/main/AndroidManifest.xml:18:13-37
38            android:exported="false" />
38-->src/main/AndroidManifest.xml:19:13-37
39        <activity
39-->src/main/AndroidManifest.xml:20:9-22:40
40            android:name="com.example.projectandroid.Test2"
40-->src/main/AndroidManifest.xml:21:13-34
41            android:exported="false" />
41-->src/main/AndroidManifest.xml:22:13-37
42        <activity
42-->src/main/AndroidManifest.xml:23:9-25:40
43            android:name="com.example.projectandroid.TestActivity"
43-->src/main/AndroidManifest.xml:24:13-41
44            android:exported="false" />
44-->src/main/AndroidManifest.xml:25:13-37
45        <activity
45-->src/main/AndroidManifest.xml:26:9-28:39
46            android:name="com.example.projectandroid.EditProfile"
46-->src/main/AndroidManifest.xml:27:13-40
47            android:exported="true" />
47-->src/main/AndroidManifest.xml:28:13-36
48        <activity
48-->src/main/AndroidManifest.xml:29:9-31:40
49            android:name="com.example.projectandroid.Profile"
49-->src/main/AndroidManifest.xml:30:13-36
50            android:exported="false" />
50-->src/main/AndroidManifest.xml:31:13-37
51        <activity
51-->src/main/AndroidManifest.xml:32:9-34:40
52            android:name="com.example.projectandroid.Signup"
52-->src/main/AndroidManifest.xml:33:13-35
53            android:exported="false" />
53-->src/main/AndroidManifest.xml:34:13-37
54        <activity
54-->src/main/AndroidManifest.xml:35:9-37:40
55            android:name="com.example.projectandroid.Login"
55-->src/main/AndroidManifest.xml:36:13-34
56            android:exported="false" />
56-->src/main/AndroidManifest.xml:37:13-37
57        <activity
57-->src/main/AndroidManifest.xml:38:9-40:40
58            android:name="com.example.projectandroid.ForgotPasswordActivity"
58-->src/main/AndroidManifest.xml:39:13-51
59            android:exported="false" />
59-->src/main/AndroidManifest.xml:40:13-37
60        <activity
60-->src/main/AndroidManifest.xml:41:9-49:20
61            android:name="com.example.projectandroid.MainActivity"
61-->src/main/AndroidManifest.xml:42:13-41
62            android:exported="true" >
62-->src/main/AndroidManifest.xml:43:13-36
63            <intent-filter>
63-->src/main/AndroidManifest.xml:44:13-48:29
64                <action android:name="android.intent.action.MAIN" />
64-->src/main/AndroidManifest.xml:45:17-69
64-->src/main/AndroidManifest.xml:45:25-66
65
66                <category android:name="android.intent.category.LAUNCHER" />
66-->src/main/AndroidManifest.xml:47:17-77
66-->src/main/AndroidManifest.xml:47:27-74
67            </intent-filter>
68        </activity>
69        <activity
69-->src/main/AndroidManifest.xml:50:9-52:40
70            android:name="com.example.projectandroid.Firebase"
70-->src/main/AndroidManifest.xml:51:13-37
71            android:exported="false" />
71-->src/main/AndroidManifest.xml:52:13-37
72
73        <service
73-->[com.google.firebase:firebase-firestore:24.7.0] AndroidManifest.xml:16:9-22:19
74            android:name="com.google.firebase.components.ComponentDiscoveryService"
74-->[com.google.firebase:firebase-firestore:24.7.0] AndroidManifest.xml:17:13-84
75            android:directBootAware="true"
75-->[com.google.firebase:firebase-common:20.3.3] AndroidManifest.xml:34:13-43
76            android:exported="false" >
76-->[com.google.firebase:firebase-firestore:24.7.0] AndroidManifest.xml:18:13-37
77            <meta-data
77-->[com.google.firebase:firebase-firestore:24.7.0] AndroidManifest.xml:19:13-21:85
78                android:name="com.google.firebase.components:com.google.firebase.firestore.FirestoreRegistrar"
78-->[com.google.firebase:firebase-firestore:24.7.0] AndroidManifest.xml:20:17-111
79                android:value="com.google.firebase.components.ComponentRegistrar" />
79-->[com.google.firebase:firebase-firestore:24.7.0] AndroidManifest.xml:21:17-82
80            <meta-data
80-->[com.google.firebase:firebase-storage:20.2.1] AndroidManifest.xml:32:13-34:85
81                android:name="com.google.firebase.components:com.google.firebase.storage.StorageRegistrar"
81-->[com.google.firebase:firebase-storage:20.2.1] AndroidManifest.xml:33:17-107
82                android:value="com.google.firebase.components.ComponentRegistrar" />
82-->[com.google.firebase:firebase-storage:20.2.1] AndroidManifest.xml:34:17-82
83            <meta-data
83-->[com.google.firebase:firebase-auth:22.1.0] AndroidManifest.xml:69:13-71:85
84                android:name="com.google.firebase.components:com.google.firebase.auth.FirebaseAuthRegistrar"
84-->[com.google.firebase:firebase-auth:22.1.0] AndroidManifest.xml:70:17-109
85                android:value="com.google.firebase.components.ComponentRegistrar" />
85-->[com.google.firebase:firebase-auth:22.1.0] AndroidManifest.xml:71:17-82
86            <meta-data
86-->[com.google.firebase:firebase-database:20.2.2] AndroidManifest.xml:31:13-33:85
87                android:name="com.google.firebase.components:com.google.firebase.database.DatabaseRegistrar"
87-->[com.google.firebase:firebase-database:20.2.2] AndroidManifest.xml:32:17-109
88                android:value="com.google.firebase.components.ComponentRegistrar" />
88-->[com.google.firebase:firebase-database:20.2.2] AndroidManifest.xml:33:17-82
89        </service>
90
91        <provider
91-->[com.squareup.picasso:picasso:2.71828] AndroidManifest.xml:8:9-11:40
92            android:name="com.squareup.picasso.PicassoProvider"
92-->[com.squareup.picasso:picasso:2.71828] AndroidManifest.xml:9:13-64
93            android:authorities="com.example.projectandroid.com.squareup.picasso"
93-->[com.squareup.picasso:picasso:2.71828] AndroidManifest.xml:10:13-72
94            android:exported="false" />
94-->[com.squareup.picasso:picasso:2.71828] AndroidManifest.xml:11:13-37
95
96        <activity
96-->[com.google.firebase:firebase-auth:22.1.0] AndroidManifest.xml:29:9-46:20
97            android:name="com.google.firebase.auth.internal.GenericIdpActivity"
97-->[com.google.firebase:firebase-auth:22.1.0] AndroidManifest.xml:30:13-80
98            android:excludeFromRecents="true"
98-->[com.google.firebase:firebase-auth:22.1.0] AndroidManifest.xml:31:13-46
99            android:exported="true"
99-->[com.google.firebase:firebase-auth:22.1.0] AndroidManifest.xml:32:13-36
100            android:launchMode="singleTask"
100-->[com.google.firebase:firebase-auth:22.1.0] AndroidManifest.xml:33:13-44
101            android:theme="@android:style/Theme.Translucent.NoTitleBar" >
101-->[com.google.firebase:firebase-auth:22.1.0] AndroidManifest.xml:34:13-72
102            <intent-filter>
102-->[com.google.firebase:firebase-auth:22.1.0] AndroidManifest.xml:35:13-45:29
103                <action android:name="android.intent.action.VIEW" />
103-->[com.google.firebase:firebase-auth:22.1.0] AndroidManifest.xml:36:17-69
103-->[com.google.firebase:firebase-auth:22.1.0] AndroidManifest.xml:36:25-66
104
105                <category android:name="android.intent.category.DEFAULT" />
105-->[com.google.firebase:firebase-auth:22.1.0] AndroidManifest.xml:38:17-76
105-->[com.google.firebase:firebase-auth:22.1.0] AndroidManifest.xml:38:27-73
106                <category android:name="android.intent.category.BROWSABLE" />
106-->[com.google.firebase:firebase-auth:22.1.0] AndroidManifest.xml:39:17-78
106-->[com.google.firebase:firebase-auth:22.1.0] AndroidManifest.xml:39:27-75
107
108                <data
108-->[com.google.firebase:firebase-auth:22.1.0] AndroidManifest.xml:41:17-44:51
109                    android:host="firebase.auth"
109-->[com.google.firebase:firebase-auth:22.1.0] AndroidManifest.xml:42:21-49
110                    android:path="/"
110-->[com.google.firebase:firebase-auth:22.1.0] AndroidManifest.xml:43:21-37
111                    android:scheme="genericidp" />
111-->[com.google.firebase:firebase-auth:22.1.0] AndroidManifest.xml:44:21-48
112            </intent-filter>
113        </activity>
114        <activity
114-->[com.google.firebase:firebase-auth:22.1.0] AndroidManifest.xml:47:9-64:20
115            android:name="com.google.firebase.auth.internal.RecaptchaActivity"
115-->[com.google.firebase:firebase-auth:22.1.0] AndroidManifest.xml:48:13-79
116            android:excludeFromRecents="true"
116-->[com.google.firebase:firebase-auth:22.1.0] AndroidManifest.xml:49:13-46
117            android:exported="true"
117-->[com.google.firebase:firebase-auth:22.1.0] AndroidManifest.xml:50:13-36
118            android:launchMode="singleTask"
118-->[com.google.firebase:firebase-auth:22.1.0] AndroidManifest.xml:51:13-44
119            android:theme="@android:style/Theme.Translucent.NoTitleBar" >
119-->[com.google.firebase:firebase-auth:22.1.0] AndroidManifest.xml:52:13-72
120            <intent-filter>
120-->[com.google.firebase:firebase-auth:22.1.0] AndroidManifest.xml:53:13-63:29
121                <action android:name="android.intent.action.VIEW" />
121-->[com.google.firebase:firebase-auth:22.1.0] AndroidManifest.xml:36:17-69
121-->[com.google.firebase:firebase-auth:22.1.0] AndroidManifest.xml:36:25-66
122
123                <category android:name="android.intent.category.DEFAULT" />
123-->[com.google.firebase:firebase-auth:22.1.0] AndroidManifest.xml:38:17-76
123-->[com.google.firebase:firebase-auth:22.1.0] AndroidManifest.xml:38:27-73
124                <category android:name="android.intent.category.BROWSABLE" />
124-->[com.google.firebase:firebase-auth:22.1.0] AndroidManifest.xml:39:17-78
124-->[com.google.firebase:firebase-auth:22.1.0] AndroidManifest.xml:39:27-75
125
126                <data
126-->[com.google.firebase:firebase-auth:22.1.0] AndroidManifest.xml:41:17-44:51
127                    android:host="firebase.auth"
127-->[com.google.firebase:firebase-auth:22.1.0] AndroidManifest.xml:42:21-49
128                    android:path="/"
128-->[com.google.firebase:firebase-auth:22.1.0] AndroidManifest.xml:43:21-37
129                    android:scheme="recaptcha" />
129-->[com.google.firebase:firebase-auth:22.1.0] AndroidManifest.xml:44:21-48
130            </intent-filter>
131        </activity>
132        <activity
132-->[com.google.android.gms:play-services-auth:20.6.0] AndroidManifest.xml:23:9-27:75
133            android:name="com.google.android.gms.auth.api.signin.internal.SignInHubActivity"
133-->[com.google.android.gms:play-services-auth:20.6.0] AndroidManifest.xml:24:13-93
134            android:excludeFromRecents="true"
134-->[com.google.android.gms:play-services-auth:20.6.0] AndroidManifest.xml:25:13-46
135            android:exported="false"
135-->[com.google.android.gms:play-services-auth:20.6.0] AndroidManifest.xml:26:13-37
136            android:theme="@android:style/Theme.Translucent.NoTitleBar" />
136-->[com.google.android.gms:play-services-auth:20.6.0] AndroidManifest.xml:27:13-72
137        <!--
138            Service handling Google Sign-In user revocation. For apps that do not integrate with
139            Google Sign-In, this service will never be started.
140        -->
141        <service
141-->[com.google.android.gms:play-services-auth:20.6.0] AndroidManifest.xml:33:9-37:51
142            android:name="com.google.android.gms.auth.api.signin.RevocationBoundService"
142-->[com.google.android.gms:play-services-auth:20.6.0] AndroidManifest.xml:34:13-89
143            android:exported="true"
143-->[com.google.android.gms:play-services-auth:20.6.0] AndroidManifest.xml:35:13-36
144            android:permission="com.google.android.gms.auth.api.signin.permission.REVOCATION_NOTIFICATION"
144-->[com.google.android.gms:play-services-auth:20.6.0] AndroidManifest.xml:36:13-107
145            android:visibleToInstantApps="true" />
145-->[com.google.android.gms:play-services-auth:20.6.0] AndroidManifest.xml:37:13-48
146
147        <provider
147-->[com.google.firebase:firebase-common:20.3.3] AndroidManifest.xml:25:9-30:39
148            android:name="com.google.firebase.provider.FirebaseInitProvider"
148-->[com.google.firebase:firebase-common:20.3.3] AndroidManifest.xml:26:13-77
149            android:authorities="com.example.projectandroid.firebaseinitprovider"
149-->[com.google.firebase:firebase-common:20.3.3] AndroidManifest.xml:27:13-72
150            android:directBootAware="true"
150-->[com.google.firebase:firebase-common:20.3.3] AndroidManifest.xml:28:13-43
151            android:exported="false"
151-->[com.google.firebase:firebase-common:20.3.3] AndroidManifest.xml:29:13-37
152            android:initOrder="100" />
152-->[com.google.firebase:firebase-common:20.3.3] AndroidManifest.xml:30:13-36
153
154        <activity
154-->[com.google.android.gms:play-services-base:18.1.0] AndroidManifest.xml:20:9-22:45
155            android:name="com.google.android.gms.common.api.GoogleApiActivity"
155-->[com.google.android.gms:play-services-base:18.1.0] AndroidManifest.xml:20:19-85
156            android:exported="false"
156-->[com.google.android.gms:play-services-base:18.1.0] AndroidManifest.xml:22:19-43
157            android:theme="@android:style/Theme.Translucent.NoTitleBar" />
157-->[com.google.android.gms:play-services-base:18.1.0] AndroidManifest.xml:21:19-78
158
159        <meta-data
159-->[com.google.android.gms:play-services-basement:18.2.0] AndroidManifest.xml:21:9-23:69
160            android:name="com.google.android.gms.version"
160-->[com.google.android.gms:play-services-basement:18.2.0] AndroidManifest.xml:22:13-58
161            android:value="@integer/google_play_services_version" />
161-->[com.google.android.gms:play-services-basement:18.2.0] AndroidManifest.xml:23:13-66
162
163        <provider
163-->[androidx.emoji2:emoji2:1.2.0] AndroidManifest.xml:24:9-32:20
164            android:name="androidx.startup.InitializationProvider"
164-->[androidx.emoji2:emoji2:1.2.0] AndroidManifest.xml:25:13-67
165            android:authorities="com.example.projectandroid.androidx-startup"
165-->[androidx.emoji2:emoji2:1.2.0] AndroidManifest.xml:26:13-68
166            android:exported="false" >
166-->[androidx.emoji2:emoji2:1.2.0] AndroidManifest.xml:27:13-37
167            <meta-data
167-->[androidx.emoji2:emoji2:1.2.0] AndroidManifest.xml:29:13-31:52
168                android:name="androidx.emoji2.text.EmojiCompatInitializer"
168-->[androidx.emoji2:emoji2:1.2.0] AndroidManifest.xml:30:17-75
169                android:value="androidx.startup" />
169-->[androidx.emoji2:emoji2:1.2.0] AndroidManifest.xml:31:17-49
170            <meta-data
170-->[androidx.lifecycle:lifecycle-process:2.4.1] AndroidManifest.xml:31:13-33:52
171                android:name="androidx.lifecycle.ProcessLifecycleInitializer"
171-->[androidx.lifecycle:lifecycle-process:2.4.1] AndroidManifest.xml:32:17-78
172                android:value="androidx.startup" />
172-->[androidx.lifecycle:lifecycle-process:2.4.1] AndroidManifest.xml:33:17-49
173        </provider>
174    </application>
175
176</manifest>